<?xml version="1.0" encoding="UTF-8"?>
<testng-results ignored="0" total="1" passed="1" failed="0" skipped="0">
  <reporter-output>
  </reporter-output>
  <suite started-at="2023-01-08T13:28:41 IST" name="Java - Capstone2" finished-at="2023-01-08T13:28:43 IST" duration-ms="2179">
    <groups>
    </groups>
    <test started-at="2023-01-08T13:28:41 IST" name="User" finished-at="2023-01-08T13:28:43 IST" duration-ms="2179">
      <class name="com.greglturnquist.payroll.test.HomeControllerTest">
        <test-method is-config="true" signature="springTestContextBeforeTestClass()[pri:0, instance:com.greglturnquist.payroll.test.HomeControllerTest@13d73f29]" started-at="2023-01-08T13:28:41 IST" name="springTestContextBeforeTestClass" finished-at="2023-01-08T13:28:41 IST" duration-ms="5" status="PASS">
          <reporter-output>
          </reporter-output>
        </test-method> <!-- springTestContextBeforeTestClass -->
        <test-method is-config="true" signature="springTestContextPrepareTestInstance()[pri:0, instance:com.greglturnquist.payroll.test.HomeControllerTest@13d73f29]" started-at="2023-01-08T13:28:41 IST" name="springTestContextPrepareTestInstance" finished-at="2023-01-08T13:28:43 IST" depends-on-methods="org.springframework.test.context.testng.AbstractTestNGSpringContextTests.springTestContextBeforeTestClass" duration-ms="2039" status="PASS">
          <reporter-output>
          </reporter-output>
        </test-method> <!-- springTestContextPrepareTestInstance -->
        <test-method is-config="true" signature="setup()[pri:0, instance:com.greglturnquist.payroll.test.HomeControllerTest@13d73f29]" started-at="2023-01-08T13:28:43 IST" name="setup" finished-at="2023-01-08T13:28:43 IST" duration-ms="5" status="PASS">
          <reporter-output>
          </reporter-output>
        </test-method> <!-- setup -->
        <test-method is-config="true" signature="springTestContextBeforeTestMethod(java.lang.reflect.Method)[pri:0, instance:com.greglturnquist.payroll.test.HomeControllerTest@13d73f29]" started-at="2023-01-08T13:28:43 IST" name="springTestContextBeforeTestMethod" finished-at="2023-01-08T13:28:43 IST" duration-ms="1" status="PASS">
          <params>
            <param index="0">
              <value>
                <![CDATA[public void com.greglturnquist.payroll.test.HomeControllerTest.testEmployee() throws java.lang.Exception]]>
              </value>
            </param>
          </params>
          <reporter-output>
          </reporter-output>
        </test-method> <!-- springTestContextBeforeTestMethod -->
        <test-method signature="testEmployee()[pri:0, instance:com.greglturnquist.payroll.test.HomeControllerTest@13d73f29]" started-at="2023-01-08T13:28:43 IST" name="testEmployee" finished-at="2023-01-08T13:28:43 IST" duration-ms="118" status="PASS">
          <reporter-output>
          </reporter-output>
        </test-method> <!-- testEmployee -->
        <test-method is-config="true" signature="springTestContextAfterTestMethod(java.lang.reflect.Method)[pri:0, instance:com.greglturnquist.payroll.test.HomeControllerTest@13d73f29]" started-at="2023-01-08T13:28:43 IST" name="springTestContextAfterTestMethod" finished-at="2023-01-08T13:28:43 IST" duration-ms="1" status="PASS">
          <params>
            <param index="0">
              <value>
                <![CDATA[public void com.greglturnquist.payroll.test.HomeControllerTest.testEmployee() throws java.lang.Exception]]>
              </value>
            </param>
          </params>
          <reporter-output>
          </reporter-output>
        </test-method> <!-- springTestContextAfterTestMethod -->
        <test-method is-config="true" signature="springTestContextAfterTestClass()[pri:0, instance:com.greglturnquist.payroll.test.HomeControllerTest@13d73f29]" started-at="2023-01-08T13:28:43 IST" name="springTestContextAfterTestClass" finished-at="2023-01-08T13:28:43 IST" duration-ms="0" status="PASS">
          <reporter-output>
          </reporter-output>
        </test-method> <!-- springTestContextAfterTestClass -->
      </class> <!-- com.greglturnquist.payroll.test.HomeControllerTest -->
    </test> <!-- User -->
  </suite> <!-- Java - Capstone2 -->
</testng-results>
